{"C:\\Users\\bayin\\Documents\\LFA\\lap2\\day_06\\cats\\server\\database\\connect.js": {"path":"C:\\Users\\bayin\\Documents\\LFA\\lap2\\day_06\\cats\\server\\database\\connect.js","statementMap":{"0":{"start":{"line":1,"column":17},"end":{"line":1,"column":30}},"1":{"start":{"line":3,"column":11},"end":{"line":5,"column":2}},"2":{"start":{"line":7,"column":0},"end":{"line":9,"column":3}},"3":{"start":{"line":8,"column":4},"end":{"line":8,"column":49}},"4":{"start":{"line":11,"column":0},"end":{"line":11,"column":19}}},"fnMap":{"0":{"name":"(anonymous_0)","decl":{"start":{"line":7,"column":15},"end":{"line":7,"column":16}},"loc":{"start":{"line":7,"column":24},"end":{"line":9,"column":1}},"line":7}},"branchMap":{},"s":{"0":1,"1":1,"2":1,"3":0,"4":1},"f":{"0":0},"b":{},"_coverageSchema":"1a1c01bbd47fc00a2c39e90264f33305004495a9","hash":"595fcc9f453def499c0adae6be6b5022a5e5592a"}
,"C:\\Users\\bayin\\Documents\\LFA\\lap2\\day_06\\cats\\server\\model\\Cat.js": {"path":"C:\\Users\\bayin\\Documents\\LFA\\lap2\\day_06\\cats\\server\\model\\Cat.js","statementMap":{"0":{"start":{"line":2,"column":11},"end":{"line":2,"column":41}},"1":{"start":{"line":8,"column":8},"end":{"line":8,"column":25}},"2":{"start":{"line":9,"column":8},"end":{"line":9,"column":29}},"3":{"start":{"line":10,"column":8},"end":{"line":10,"column":29}},"4":{"start":{"line":11,"column":8},"end":{"line":11,"column":43}},"5":{"start":{"line":12,"column":8},"end":{"line":12,"column":35}},"6":{"start":{"line":16,"column":8},"end":{"line":24,"column":10}},"7":{"start":{"line":17,"column":12},"end":{"line":23,"column":13}},"8":{"start":{"line":18,"column":33},"end":{"line":18,"column":69}},"9":{"start":{"line":19,"column":29},"end":{"line":19,"column":67}},"10":{"start":{"line":19,"column":54},"end":{"line":19,"column":66}},"11":{"start":{"line":20,"column":16},"end":{"line":20,"column":29}},"12":{"start":{"line":22,"column":16},"end":{"line":22,"column":47}},"13":{"start":{"line":28,"column":24},"end":{"line":28,"column":83}},"14":{"start":{"line":29,"column":8},"end":{"line":31,"column":9}},"15":{"start":{"line":30,"column":12},"end":{"line":30,"column":51}},"16":{"start":{"line":32,"column":8},"end":{"line":32,"column":40}},"17":{"start":{"line":36,"column":53},"end":{"line":36,"column":57}},"18":{"start":{"line":37,"column":24},"end":{"line":37,"column":166}},"19":{"start":{"line":38,"column":23},"end":{"line":38,"column":47}},"20":{"start":{"line":39,"column":8},"end":{"line":39,"column":21}},"21":{"start":{"line":43,"column":8},"end":{"line":61,"column":9}},"22":{"start":{"line":44,"column":61},"end":{"line":44,"column":65}},"23":{"start":{"line":46,"column":32},"end":{"line":46,"column":54}},"24":{"start":{"line":48,"column":12},"end":{"line":50,"column":13}},"25":{"start":{"line":49,"column":16},"end":{"line":49,"column":49}},"26":{"start":{"line":52,"column":35},"end":{"line":55,"column":13}},"27":{"start":{"line":57,"column":31},"end":{"line":57,"column":62}},"28":{"start":{"line":58,"column":12},"end":{"line":58,"column":30}},"29":{"start":{"line":60,"column":12},"end":{"line":60,"column":43}},"30":{"start":{"line":66,"column":24},"end":{"line":66,"column":85}},"31":{"start":{"line":69,"column":8},"end":{"line":74,"column":9}},"32":{"start":{"line":70,"column":9},"end":{"line":70,"column":82}},"33":{"start":{"line":71,"column":8},"end":{"line":71,"column":32}},"34":{"start":{"line":73,"column":12},"end":{"line":73,"column":44}},"35":{"start":{"line":78,"column":0},"end":{"line":78,"column":20}}},"fnMap":{"0":{"name":"(anonymous_0)","decl":{"start":{"line":7,"column":4},"end":{"line":7,"column":5}},"loc":{"start":{"line":7,"column":22},"end":{"line":13,"column":5}},"line":7},"1":{"name":"(anonymous_1)","decl":{"start":{"line":15,"column":4},"end":{"line":15,"column":5}},"loc":{"start":{"line":15,"column":20},"end":{"line":25,"column":5}},"line":15},"2":{"name":"(anonymous_2)","decl":{"start":{"line":16,"column":27},"end":{"line":16,"column":28}},"loc":{"start":{"line":16,"column":54},"end":{"line":24,"column":9}},"line":16},"3":{"name":"(anonymous_3)","decl":{"start":{"line":19,"column":47},"end":{"line":19,"column":48}},"loc":{"start":{"line":19,"column":54},"end":{"line":19,"column":66}},"line":19},"4":{"name":"(anonymous_4)","decl":{"start":{"line":27,"column":4},"end":{"line":27,"column":5}},"loc":{"start":{"line":27,"column":33},"end":{"line":33,"column":5}},"line":27},"5":{"name":"(anonymous_5)","decl":{"start":{"line":35,"column":4},"end":{"line":35,"column":5}},"loc":{"start":{"line":35,"column":30},"end":{"line":40,"column":5}},"line":35},"6":{"name":"(anonymous_6)","decl":{"start":{"line":42,"column":4},"end":{"line":42,"column":5}},"loc":{"start":{"line":42,"column":23},"end":{"line":62,"column":5}},"line":42},"7":{"name":"(anonymous_7)","decl":{"start":{"line":65,"column":4},"end":{"line":65,"column":5}},"loc":{"start":{"line":65,"column":19},"end":{"line":75,"column":5}},"line":65}},"branchMap":{"0":{"loc":{"start":{"line":29,"column":8},"end":{"line":31,"column":9}},"type":"if","locations":[{"start":{"line":29,"column":8},"end":{"line":31,"column":9}},{"start":{},"end":{}}],"line":29},"1":{"loc":{"start":{"line":48,"column":12},"end":{"line":50,"column":13}},"type":"if","locations":[{"start":{"line":48,"column":12},"end":{"line":50,"column":13}},{"start":{},"end":{}}],"line":48},"2":{"loc":{"start":{"line":54,"column":21},"end":{"line":54,"column":45}},"type":"binary-expr","locations":[{"start":{"line":54,"column":21},"end":{"line":54,"column":25}},{"start":{"line":54,"column":29},"end":{"line":54,"column":45}}],"line":54},"3":{"loc":{"start":{"line":54,"column":47},"end":{"line":54,"column":71}},"type":"binary-expr","locations":[{"start":{"line":54,"column":47},"end":{"line":54,"column":51}},{"start":{"line":54,"column":55},"end":{"line":54,"column":71}}],"line":54},"4":{"loc":{"start":{"line":54,"column":73},"end":{"line":54,"column":111}},"type":"binary-expr","locations":[{"start":{"line":54,"column":73},"end":{"line":54,"column":84}},{"start":{"line":54,"column":88},"end":{"line":54,"column":111}}],"line":54},"5":{"loc":{"start":{"line":54,"column":113},"end":{"line":54,"column":143}},"type":"binary-expr","locations":[{"start":{"line":54,"column":113},"end":{"line":54,"column":120}},{"start":{"line":54,"column":124},"end":{"line":54,"column":143}}],"line":54},"6":{"loc":{"start":{"line":69,"column":8},"end":{"line":74,"column":9}},"type":"if","locations":[{"start":{"line":69,"column":8},"end":{"line":74,"column":9}},{"start":{"line":72,"column":15},"end":{"line":74,"column":9}}],"line":69}},"s":{"0":1,"1":11,"2":11,"3":11,"4":11,"5":11,"6":1,"7":1,"8":1,"9":1,"10":3,"11":1,"12":0,"13":2,"14":2,"15":1,"16":1,"17":1,"18":1,"19":1,"20":1,"21":3,"22":3,"23":3,"24":3,"25":1,"26":2,"27":1,"28":1,"29":2,"30":2,"31":2,"32":1,"33":1,"34":1,"35":1},"f":{"0":11,"1":1,"2":1,"3":3,"4":2,"5":1,"6":3,"7":2},"b":{"0":[1,1],"1":[1,2],"2":[2,0],"3":[2,0],"4":[2,0],"5":[2,0],"6":[1,1]},"_coverageSchema":"1a1c01bbd47fc00a2c39e90264f33305004495a9","hash":"612d38f52674d11a32bae30d1858548fe725196e"}
}
