{"C:\\Users\\bayin\\Documents\\LFA\\lap2\\day_06\\cats\\server\\controller\\CatController.js": {"path":"C:\\Users\\bayin\\Documents\\LFA\\lap2\\day_06\\cats\\server\\controller\\CatController.js","statementMap":{"0":{"start":{"line":1,"column":12},"end":{"line":1,"column":35}},"1":{"start":{"line":3,"column":14},"end":{"line":10,"column":1}},"2":{"start":{"line":4,"column":4},"end":{"line":9,"column":5}},"3":{"start":{"line":5,"column":21},"end":{"line":5,"column":39}},"4":{"start":{"line":6,"column":8},"end":{"line":6,"column":35}},"5":{"start":{"line":8,"column":8},"end":{"line":8,"column":52}},"6":{"start":{"line":12,"column":13},"end":{"line":20,"column":1}},"7":{"start":{"line":13,"column":4},"end":{"line":19,"column":5}},"8":{"start":{"line":14,"column":22},"end":{"line":14,"column":45}},"9":{"start":{"line":15,"column":20},"end":{"line":15,"column":45}},"10":{"start":{"line":16,"column":8},"end":{"line":16,"column":44}},"11":{"start":{"line":18,"column":8},"end":{"line":18,"column":52}},"12":{"start":{"line":22,"column":15},"end":{"line":30,"column":1}},"13":{"start":{"line":23,"column":4},"end":{"line":29,"column":5}},"14":{"start":{"line":24,"column":21},"end":{"line":24,"column":29}},"15":{"start":{"line":25,"column":23},"end":{"line":25,"column":45}},"16":{"start":{"line":26,"column":8},"end":{"line":26,"column":44}},"17":{"start":{"line":28,"column":8},"end":{"line":28,"column":52}},"18":{"start":{"line":32,"column":15},"end":{"line":50,"column":1}},"19":{"start":{"line":33,"column":4},"end":{"line":49,"column":5}},"20":{"start":{"line":34,"column":28},"end":{"line":34,"column":71}},"21":{"start":{"line":35,"column":35},"end":{"line":41,"column":9}},"22":{"start":{"line":43,"column":27},"end":{"line":43,"column":67}},"23":{"start":{"line":46,"column":8},"end":{"line":46,"column":40}},"24":{"start":{"line":48,"column":8},"end":{"line":48,"column":52}},"25":{"start":{"line":52,"column":16},"end":{"line":60,"column":1}},"26":{"start":{"line":53,"column":4},"end":{"line":59,"column":5}},"27":{"start":{"line":54,"column":28},"end":{"line":54,"column":71}},"28":{"start":{"line":55,"column":8},"end":{"line":55,"column":34}},"29":{"start":{"line":56,"column":8},"end":{"line":56,"column":29}},"30":{"start":{"line":58,"column":8},"end":{"line":58,"column":52}},"31":{"start":{"line":64,"column":0},"end":{"line":64,"column":55}}},"fnMap":{"0":{"name":"(anonymous_0)","decl":{"start":{"line":3,"column":14},"end":{"line":3,"column":15}},"loc":{"start":{"line":3,"column":33},"end":{"line":10,"column":1}},"line":3},"1":{"name":"(anonymous_1)","decl":{"start":{"line":12,"column":13},"end":{"line":12,"column":14}},"loc":{"start":{"line":12,"column":32},"end":{"line":20,"column":1}},"line":12},"2":{"name":"(anonymous_2)","decl":{"start":{"line":22,"column":15},"end":{"line":22,"column":16}},"loc":{"start":{"line":22,"column":34},"end":{"line":30,"column":1}},"line":22},"3":{"name":"(anonymous_3)","decl":{"start":{"line":32,"column":15},"end":{"line":32,"column":16}},"loc":{"start":{"line":32,"column":34},"end":{"line":50,"column":1}},"line":32},"4":{"name":"(anonymous_4)","decl":{"start":{"line":52,"column":16},"end":{"line":52,"column":17}},"loc":{"start":{"line":52,"column":35},"end":{"line":60,"column":1}},"line":52}},"branchMap":{"0":{"loc":{"start":{"line":37,"column":18},"end":{"line":37,"column":51}},"type":"binary-expr","locations":[{"start":{"line":37,"column":18},"end":{"line":37,"column":31}},{"start":{"line":37,"column":35},"end":{"line":37,"column":51}}],"line":37},"1":{"loc":{"start":{"line":38,"column":18},"end":{"line":38,"column":51}},"type":"binary-expr","locations":[{"start":{"line":38,"column":18},"end":{"line":38,"column":31}},{"start":{"line":38,"column":35},"end":{"line":38,"column":51}}],"line":38},"2":{"loc":{"start":{"line":39,"column":25},"end":{"line":39,"column":72}},"type":"binary-expr","locations":[{"start":{"line":39,"column":25},"end":{"line":39,"column":45}},{"start":{"line":39,"column":49},"end":{"line":39,"column":72}}],"line":39},"3":{"loc":{"start":{"line":40,"column":21},"end":{"line":40,"column":60}},"type":"binary-expr","locations":[{"start":{"line":40,"column":21},"end":{"line":40,"column":37}},{"start":{"line":40,"column":41},"end":{"line":40,"column":60}}],"line":40}},"s":{"0":1,"1":1,"2":2,"3":2,"4":1,"5":1,"6":1,"7":2,"8":2,"9":2,"10":1,"11":1,"12":1,"13":2,"14":2,"15":2,"16":1,"17":1,"18":1,"19":2,"20":2,"21":2,"22":2,"23":1,"24":1,"25":1,"26":2,"27":2,"28":1,"29":1,"30":1,"31":1},"f":{"0":2,"1":2,"2":2,"3":2,"4":2},"b":{"0":[2,0],"1":[2,2],"2":[2,2],"3":[2,0]},"_coverageSchema":"1a1c01bbd47fc00a2c39e90264f33305004495a9","hash":"edf830717e203cfcd91efc9b0c8e50bb2276cd86"}
,"C:\\Users\\bayin\\Documents\\LFA\\lap2\\day_06\\cats\\server\\controller\\UserController.js": {"path":"C:\\Users\\bayin\\Documents\\LFA\\lap2\\day_06\\cats\\server\\controller\\UserController.js","statementMap":{"0":{"start":{"line":1,"column":15},"end":{"line":1,"column":32}},"1":{"start":{"line":2,"column":13},"end":{"line":2,"column":37}},"2":{"start":{"line":3,"column":14},"end":{"line":3,"column":39}},"3":{"start":{"line":6,"column":4},"end":{"line":14,"column":5}},"4":{"start":{"line":7,"column":21},"end":{"line":7,"column":29}},"5":{"start":{"line":8,"column":21},"end":{"line":8,"column":83}},"6":{"start":{"line":9,"column":8},"end":{"line":9,"column":69}},"7":{"start":{"line":10,"column":23},"end":{"line":10,"column":46}},"8":{"start":{"line":11,"column":8},"end":{"line":11,"column":37}},"9":{"start":{"line":13,"column":8},"end":{"line":13,"column":55}},"10":{"start":{"line":18,"column":4},"end":{"line":30,"column":5}},"11":{"start":{"line":19,"column":21},"end":{"line":19,"column":29}},"12":{"start":{"line":20,"column":21},"end":{"line":20,"column":60}},"13":{"start":{"line":21,"column":30},"end":{"line":21,"column":83}},"14":{"start":{"line":22,"column":8},"end":{"line":27,"column":9}},"15":{"start":{"line":23,"column":12},"end":{"line":23,"column":52}},"16":{"start":{"line":25,"column":26},"end":{"line":25,"column":56}},"17":{"start":{"line":26,"column":12},"end":{"line":26,"column":75}},"18":{"start":{"line":29,"column":12},"end":{"line":29,"column":56}},"19":{"start":{"line":33,"column":0},"end":{"line":33,"column":34}}},"fnMap":{"0":{"name":"register","decl":{"start":{"line":5,"column":15},"end":{"line":5,"column":23}},"loc":{"start":{"line":5,"column":34},"end":{"line":15,"column":1}},"line":5},"1":{"name":"login","decl":{"start":{"line":17,"column":15},"end":{"line":17,"column":20}},"loc":{"start":{"line":17,"column":31},"end":{"line":31,"column":1}},"line":17}},"branchMap":{"0":{"loc":{"start":{"line":22,"column":8},"end":{"line":27,"column":9}},"type":"if","locations":[{"start":{"line":22,"column":8},"end":{"line":27,"column":9}},{"start":{"line":24,"column":15},"end":{"line":27,"column":9}}],"line":22}},"s":{"0":1,"1":1,"2":1,"3":2,"4":2,"5":2,"6":2,"7":2,"8":1,"9":1,"10":3,"11":3,"12":3,"13":2,"14":2,"15":1,"16":1,"17":1,"18":2,"19":1},"f":{"0":2,"1":3},"b":{"0":[1,1]},"_coverageSchema":"1a1c01bbd47fc00a2c39e90264f33305004495a9","hash":"1436f0cd523ee29262668de67140514a4cc7c1a0"}
,"C:\\Users\\bayin\\Documents\\LFA\\lap2\\day_06\\cats\\server\\database\\connect.js": {"path":"C:\\Users\\bayin\\Documents\\LFA\\lap2\\day_06\\cats\\server\\database\\connect.js","statementMap":{"0":{"start":{"line":1,"column":17},"end":{"line":1,"column":30}},"1":{"start":{"line":3,"column":11},"end":{"line":5,"column":2}},"2":{"start":{"line":7,"column":0},"end":{"line":9,"column":3}},"3":{"start":{"line":8,"column":4},"end":{"line":8,"column":49}},"4":{"start":{"line":11,"column":0},"end":{"line":11,"column":19}}},"fnMap":{"0":{"name":"(anonymous_0)","decl":{"start":{"line":7,"column":15},"end":{"line":7,"column":16}},"loc":{"start":{"line":7,"column":24},"end":{"line":9,"column":1}},"line":7}},"branchMap":{},"s":{"0":3,"1":3,"2":3,"3":0,"4":3},"f":{"0":0},"b":{},"_coverageSchema":"1a1c01bbd47fc00a2c39e90264f33305004495a9","hash":"595fcc9f453def499c0adae6be6b5022a5e5592a"}
,"C:\\Users\\bayin\\Documents\\LFA\\lap2\\day_06\\cats\\server\\model\\Cat.js": {"path":"C:\\Users\\bayin\\Documents\\LFA\\lap2\\day_06\\cats\\server\\model\\Cat.js","statementMap":{"0":{"start":{"line":2,"column":11},"end":{"line":2,"column":41}},"1":{"start":{"line":8,"column":8},"end":{"line":8,"column":25}},"2":{"start":{"line":9,"column":8},"end":{"line":9,"column":29}},"3":{"start":{"line":10,"column":8},"end":{"line":10,"column":29}},"4":{"start":{"line":11,"column":8},"end":{"line":11,"column":43}},"5":{"start":{"line":12,"column":8},"end":{"line":12,"column":35}},"6":{"start":{"line":16,"column":8},"end":{"line":24,"column":10}},"7":{"start":{"line":17,"column":12},"end":{"line":23,"column":13}},"8":{"start":{"line":18,"column":33},"end":{"line":18,"column":69}},"9":{"start":{"line":19,"column":29},"end":{"line":19,"column":67}},"10":{"start":{"line":19,"column":54},"end":{"line":19,"column":66}},"11":{"start":{"line":20,"column":16},"end":{"line":20,"column":29}},"12":{"start":{"line":22,"column":16},"end":{"line":22,"column":47}},"13":{"start":{"line":28,"column":24},"end":{"line":28,"column":83}},"14":{"start":{"line":29,"column":8},"end":{"line":31,"column":9}},"15":{"start":{"line":30,"column":12},"end":{"line":30,"column":51}},"16":{"start":{"line":32,"column":8},"end":{"line":32,"column":40}},"17":{"start":{"line":36,"column":53},"end":{"line":36,"column":57}},"18":{"start":{"line":37,"column":24},"end":{"line":37,"column":166}},"19":{"start":{"line":38,"column":23},"end":{"line":38,"column":47}},"20":{"start":{"line":39,"column":8},"end":{"line":39,"column":21}},"21":{"start":{"line":43,"column":8},"end":{"line":61,"column":9}},"22":{"start":{"line":44,"column":61},"end":{"line":44,"column":65}},"23":{"start":{"line":46,"column":32},"end":{"line":46,"column":54}},"24":{"start":{"line":48,"column":12},"end":{"line":50,"column":13}},"25":{"start":{"line":49,"column":16},"end":{"line":49,"column":49}},"26":{"start":{"line":52,"column":35},"end":{"line":55,"column":13}},"27":{"start":{"line":57,"column":31},"end":{"line":57,"column":62}},"28":{"start":{"line":58,"column":12},"end":{"line":58,"column":30}},"29":{"start":{"line":60,"column":12},"end":{"line":60,"column":43}},"30":{"start":{"line":66,"column":24},"end":{"line":66,"column":85}},"31":{"start":{"line":69,"column":8},"end":{"line":74,"column":9}},"32":{"start":{"line":70,"column":9},"end":{"line":70,"column":82}},"33":{"start":{"line":71,"column":8},"end":{"line":71,"column":32}},"34":{"start":{"line":73,"column":12},"end":{"line":73,"column":44}},"35":{"start":{"line":78,"column":0},"end":{"line":78,"column":20}}},"fnMap":{"0":{"name":"(anonymous_0)","decl":{"start":{"line":7,"column":4},"end":{"line":7,"column":5}},"loc":{"start":{"line":7,"column":22},"end":{"line":13,"column":5}},"line":7},"1":{"name":"(anonymous_1)","decl":{"start":{"line":15,"column":4},"end":{"line":15,"column":5}},"loc":{"start":{"line":15,"column":20},"end":{"line":25,"column":5}},"line":15},"2":{"name":"(anonymous_2)","decl":{"start":{"line":16,"column":27},"end":{"line":16,"column":28}},"loc":{"start":{"line":16,"column":54},"end":{"line":24,"column":9}},"line":16},"3":{"name":"(anonymous_3)","decl":{"start":{"line":19,"column":47},"end":{"line":19,"column":48}},"loc":{"start":{"line":19,"column":54},"end":{"line":19,"column":66}},"line":19},"4":{"name":"(anonymous_4)","decl":{"start":{"line":27,"column":4},"end":{"line":27,"column":5}},"loc":{"start":{"line":27,"column":33},"end":{"line":33,"column":5}},"line":27},"5":{"name":"(anonymous_5)","decl":{"start":{"line":35,"column":4},"end":{"line":35,"column":5}},"loc":{"start":{"line":35,"column":30},"end":{"line":40,"column":5}},"line":35},"6":{"name":"(anonymous_6)","decl":{"start":{"line":42,"column":4},"end":{"line":42,"column":5}},"loc":{"start":{"line":42,"column":23},"end":{"line":62,"column":5}},"line":42},"7":{"name":"(anonymous_7)","decl":{"start":{"line":65,"column":4},"end":{"line":65,"column":5}},"loc":{"start":{"line":65,"column":19},"end":{"line":75,"column":5}},"line":65}},"branchMap":{"0":{"loc":{"start":{"line":29,"column":8},"end":{"line":31,"column":9}},"type":"if","locations":[{"start":{"line":29,"column":8},"end":{"line":31,"column":9}},{"start":{},"end":{}}],"line":29},"1":{"loc":{"start":{"line":48,"column":12},"end":{"line":50,"column":13}},"type":"if","locations":[{"start":{"line":48,"column":12},"end":{"line":50,"column":13}},{"start":{},"end":{}}],"line":48},"2":{"loc":{"start":{"line":54,"column":21},"end":{"line":54,"column":45}},"type":"binary-expr","locations":[{"start":{"line":54,"column":21},"end":{"line":54,"column":25}},{"start":{"line":54,"column":29},"end":{"line":54,"column":45}}],"line":54},"3":{"loc":{"start":{"line":54,"column":47},"end":{"line":54,"column":71}},"type":"binary-expr","locations":[{"start":{"line":54,"column":47},"end":{"line":54,"column":51}},{"start":{"line":54,"column":55},"end":{"line":54,"column":71}}],"line":54},"4":{"loc":{"start":{"line":54,"column":73},"end":{"line":54,"column":111}},"type":"binary-expr","locations":[{"start":{"line":54,"column":73},"end":{"line":54,"column":84}},{"start":{"line":54,"column":88},"end":{"line":54,"column":111}}],"line":54},"5":{"loc":{"start":{"line":54,"column":113},"end":{"line":54,"column":143}},"type":"binary-expr","locations":[{"start":{"line":54,"column":113},"end":{"line":54,"column":120}},{"start":{"line":54,"column":124},"end":{"line":54,"column":143}}],"line":54},"6":{"loc":{"start":{"line":69,"column":8},"end":{"line":74,"column":9}},"type":"if","locations":[{"start":{"line":69,"column":8},"end":{"line":74,"column":9}},{"start":{"line":72,"column":15},"end":{"line":74,"column":9}}],"line":69}},"s":{"0":2,"1":21,"2":21,"3":21,"4":21,"5":21,"6":1,"7":1,"8":1,"9":1,"10":3,"11":1,"12":0,"13":2,"14":2,"15":1,"16":1,"17":1,"18":1,"19":1,"20":1,"21":3,"22":3,"23":3,"24":3,"25":1,"26":2,"27":1,"28":1,"29":2,"30":2,"31":2,"32":1,"33":1,"34":1,"35":2},"f":{"0":21,"1":1,"2":1,"3":3,"4":2,"5":1,"6":3,"7":2},"b":{"0":[1,1],"1":[1,2],"2":[2,0],"3":[2,0],"4":[2,0],"5":[2,0],"6":[1,1]},"_coverageSchema":"1a1c01bbd47fc00a2c39e90264f33305004495a9","hash":"612d38f52674d11a32bae30d1858548fe725196e"}
,"C:\\Users\\bayin\\Documents\\LFA\\lap2\\day_06\\cats\\server\\model\\Token.js": {"path":"C:\\Users\\bayin\\Documents\\LFA\\lap2\\day_06\\cats\\server\\model\\Token.js","statementMap":{"0":{"start":{"line":1,"column":23},"end":{"line":1,"column":38}},"1":{"start":{"line":3,"column":11},"end":{"line":3,"column":41}},"2":{"start":{"line":8,"column":4},"end":{"line":8,"column":17}},"3":{"start":{"line":9,"column":4},"end":{"line":9,"column":27}},"4":{"start":{"line":10,"column":4},"end":{"line":10,"column":23}},"5":{"start":{"line":14,"column":18},"end":{"line":14,"column":26}},"6":{"start":{"line":15,"column":21},"end":{"line":16,"column":23}},"7":{"start":{"line":17,"column":18},"end":{"line":17,"column":37}},"8":{"start":{"line":18,"column":21},"end":{"line":18,"column":50}},"9":{"start":{"line":19,"column":4},"end":{"line":19,"column":20}},"10":{"start":{"line":23,"column":21},"end":{"line":23,"column":79}},"11":{"start":{"line":24,"column":4},"end":{"line":28,"column":5}},"12":{"start":{"line":25,"column":6},"end":{"line":25,"column":49}},"13":{"start":{"line":27,"column":6},"end":{"line":27,"column":41}},"14":{"start":{"line":32,"column":21},"end":{"line":32,"column":85}},"15":{"start":{"line":33,"column":4},"end":{"line":37,"column":5}},"16":{"start":{"line":34,"column":6},"end":{"line":34,"column":49}},"17":{"start":{"line":36,"column":6},"end":{"line":36,"column":41}},"18":{"start":{"line":42,"column":0},"end":{"line":42,"column":23}}},"fnMap":{"0":{"name":"(anonymous_0)","decl":{"start":{"line":7,"column":2},"end":{"line":7,"column":3}},"loc":{"start":{"line":7,"column":38},"end":{"line":11,"column":3}},"line":7},"1":{"name":"(anonymous_1)","decl":{"start":{"line":13,"column":2},"end":{"line":13,"column":3}},"loc":{"start":{"line":13,"column":31},"end":{"line":20,"column":3}},"line":13},"2":{"name":"(anonymous_2)","decl":{"start":{"line":22,"column":2},"end":{"line":22,"column":3}},"loc":{"start":{"line":22,"column":30},"end":{"line":29,"column":3}},"line":22},"3":{"name":"(anonymous_3)","decl":{"start":{"line":31,"column":2},"end":{"line":31,"column":3}},"loc":{"start":{"line":31,"column":36},"end":{"line":38,"column":3}},"line":31}},"branchMap":{"0":{"loc":{"start":{"line":24,"column":4},"end":{"line":28,"column":5}},"type":"if","locations":[{"start":{"line":24,"column":4},"end":{"line":28,"column":5}},{"start":{"line":26,"column":11},"end":{"line":28,"column":5}}],"line":24},"1":{"loc":{"start":{"line":33,"column":4},"end":{"line":37,"column":5}},"type":"if","locations":[{"start":{"line":33,"column":4},"end":{"line":37,"column":5}},{"start":{"line":35,"column":11},"end":{"line":37,"column":5}}],"line":33}},"s":{"0":1,"1":1,"2":0,"3":0,"4":0,"5":0,"6":0,"7":0,"8":0,"9":0,"10":0,"11":0,"12":0,"13":0,"14":0,"15":0,"16":0,"17":0,"18":1},"f":{"0":0,"1":0,"2":0,"3":0},"b":{"0":[0,0],"1":[0,0]},"_coverageSchema":"1a1c01bbd47fc00a2c39e90264f33305004495a9","hash":"e1b362b09fa00e42973a956db144d76e996d560c"}
,"C:\\Users\\bayin\\Documents\\LFA\\lap2\\day_06\\cats\\server\\model\\User.js": {"path":"C:\\Users\\bayin\\Documents\\LFA\\lap2\\day_06\\cats\\server\\model\\User.js","statementMap":{"0":{"start":{"line":1,"column":11},"end":{"line":1,"column":41}},"1":{"start":{"line":6,"column":8},"end":{"line":6,"column":21}},"2":{"start":{"line":7,"column":8},"end":{"line":7,"column":33}},"3":{"start":{"line":8,"column":8},"end":{"line":8,"column":33}},"4":{"start":{"line":9,"column":8},"end":{"line":9,"column":33}},"5":{"start":{"line":13,"column":8},"end":{"line":21,"column":10}},"6":{"start":{"line":14,"column":12},"end":{"line":20,"column":13}},"7":{"start":{"line":15,"column":34},"end":{"line":15,"column":71}},"8":{"start":{"line":16,"column":30},"end":{"line":16,"column":71}},"9":{"start":{"line":16,"column":56},"end":{"line":16,"column":70}},"10":{"start":{"line":17,"column":16},"end":{"line":17,"column":30}},"11":{"start":{"line":19,"column":16},"end":{"line":19,"column":48}},"12":{"start":{"line":24,"column":25},"end":{"line":24,"column":83}},"13":{"start":{"line":25,"column":8},"end":{"line":27,"column":9}},"14":{"start":{"line":26,"column":12},"end":{"line":26,"column":52}},"15":{"start":{"line":28,"column":8},"end":{"line":28,"column":41}},"16":{"start":{"line":32,"column":25},"end":{"line":32,"column":94}},"17":{"start":{"line":33,"column":8},"end":{"line":35,"column":9}},"18":{"start":{"line":34,"column":8},"end":{"line":34,"column":48}},"19":{"start":{"line":36,"column":8},"end":{"line":36,"column":41}},"20":{"start":{"line":40,"column":23},"end":{"line":40,"column":131}},"21":{"start":{"line":41,"column":22},"end":{"line":41,"column":41}},"22":{"start":{"line":42,"column":24},"end":{"line":42,"column":50}},"23":{"start":{"line":43,"column":8},"end":{"line":43,"column":23}},"24":{"start":{"line":49,"column":0},"end":{"line":49,"column":21}}},"fnMap":{"0":{"name":"(anonymous_0)","decl":{"start":{"line":5,"column":4},"end":{"line":5,"column":5}},"loc":{"start":{"line":5,"column":54},"end":{"line":10,"column":5}},"line":5},"1":{"name":"(anonymous_1)","decl":{"start":{"line":12,"column":4},"end":{"line":12,"column":5}},"loc":{"start":{"line":12,"column":20},"end":{"line":22,"column":5}},"line":12},"2":{"name":"(anonymous_2)","decl":{"start":{"line":13,"column":27},"end":{"line":13,"column":28}},"loc":{"start":{"line":13,"column":54},"end":{"line":21,"column":9}},"line":13},"3":{"name":"(anonymous_3)","decl":{"start":{"line":16,"column":49},"end":{"line":16,"column":50}},"loc":{"start":{"line":16,"column":56},"end":{"line":16,"column":70}},"line":16},"4":{"name":"(anonymous_4)","decl":{"start":{"line":23,"column":4},"end":{"line":23,"column":5}},"loc":{"start":{"line":23,"column":30},"end":{"line":29,"column":5}},"line":23},"5":{"name":"(anonymous_5)","decl":{"start":{"line":31,"column":4},"end":{"line":31,"column":5}},"loc":{"start":{"line":31,"column":41},"end":{"line":37,"column":5}},"line":31},"6":{"name":"(anonymous_6)","decl":{"start":{"line":39,"column":4},"end":{"line":39,"column":5}},"loc":{"start":{"line":39,"column":57},"end":{"line":44,"column":5}},"line":39}},"branchMap":{"0":{"loc":{"start":{"line":25,"column":8},"end":{"line":27,"column":9}},"type":"if","locations":[{"start":{"line":25,"column":8},"end":{"line":27,"column":9}},{"start":{},"end":{}}],"line":25},"1":{"loc":{"start":{"line":33,"column":8},"end":{"line":35,"column":9}},"type":"if","locations":[{"start":{"line":33,"column":8},"end":{"line":35,"column":9}},{"start":{},"end":{}}],"line":33}},"s":{"0":1,"1":1,"2":1,"3":1,"4":1,"5":0,"6":0,"7":0,"8":0,"9":0,"10":0,"11":0,"12":0,"13":0,"14":0,"15":0,"16":0,"17":0,"18":0,"19":0,"20":0,"21":0,"22":0,"23":0,"24":1},"f":{"0":1,"1":0,"2":0,"3":0,"4":0,"5":0,"6":0},"b":{"0":[0,0],"1":[0,0]},"_coverageSchema":"1a1c01bbd47fc00a2c39e90264f33305004495a9","hash":"3dcd964fea0a13729865aa2d8a74ecd26bb6b5e2"}
}
