TN:
SF:database\connect.js
FN:7,(anonymous_0)
FNF:1
FNH:0
FNDA:0,(anonymous_0)
DA:1,1
DA:3,1
DA:7,1
DA:8,0
DA:11,1
LF:5
LH:4
BRF:0
BRH:0
end_of_record
TN:
SF:model\Cat.js
FN:7,(anonymous_0)
FN:15,(anonymous_1)
FN:16,(anonymous_2)
FN:19,(anonymous_3)
FN:27,(anonymous_4)
FN:35,(anonymous_5)
FN:42,(anonymous_6)
FN:65,(anonymous_7)
FNF:8
FNH:8
FNDA:11,(anonymous_0)
FNDA:1,(anonymous_1)
FNDA:1,(anonymous_2)
FNDA:3,(anonymous_3)
FNDA:2,(anonymous_4)
FNDA:1,(anonymous_5)
FNDA:3,(anonymous_6)
FNDA:2,(anonymous_7)
DA:2,1
DA:8,11
DA:9,11
DA:10,11
DA:11,11
DA:12,11
DA:16,1
DA:17,1
DA:18,1
DA:19,3
DA:20,1
DA:22,0
DA:28,2
DA:29,2
DA:30,1
DA:32,1
DA:36,1
DA:37,1
DA:38,1
DA:39,1
DA:43,3
DA:44,3
DA:46,3
DA:48,3
DA:49,1
DA:52,2
DA:57,1
DA:58,1
DA:60,2
DA:66,2
DA:69,2
DA:70,1
DA:71,1
DA:73,1
DA:78,1
LF:35
LH:34
BRDA:29,0,0,1
BRDA:29,0,1,1
BRDA:48,1,0,1
BRDA:48,1,1,2
BRDA:54,2,0,2
BRDA:54,2,1,0
BRDA:54,3,0,2
BRDA:54,3,1,0
BRDA:54,4,0,2
BRDA:54,4,1,0
BRDA:54,5,0,2
BRDA:54,5,1,0
BRDA:69,6,0,1
BRDA:69,6,1,1
BRF:14
BRH:10
end_of_record
